Traceback (most recent call last):
  File "/usr/local/lib/python3.9/site-packages/jupyter_cache/executors/utils.py", line 51, in single_nb_execution
    executenb(
  File "/usr/local/lib/python3.9/site-packages/nbclient/client.py", line 1087, in execute
    return NotebookClient(nb=nb, resources=resources, km=km, **kwargs).execute()
  File "/usr/local/lib/python3.9/site-packages/nbclient/util.py", line 74, in wrapped
    return just_run(coro(*args, **kwargs))
  File "/usr/local/lib/python3.9/site-packages/nbclient/util.py", line 53, in just_run
    return loop.run_until_complete(coro)
  File "/usr/local/Cellar/python@3.9/3.9.8/Frameworks/Python.framework/Versions/3.9/lib/python3.9/asyncio/base_events.py", line 642, in run_until_complete
    return future.result()
  File "/usr/local/lib/python3.9/site-packages/nbclient/client.py", line 540, in async_execute
    await self.async_execute_cell(
  File "/usr/local/lib/python3.9/site-packages/nbclient/client.py", line 832, in async_execute_cell
    self._check_raise_for_error(cell, exec_reply)
  File "/usr/local/lib/python3.9/site-packages/nbclient/client.py", line 740, in _check_raise_for_error
    raise CellExecutionError.from_cell_and_msg(cell, exec_reply['content'])
nbclient.exceptions.CellExecutionError: An error occurred while executing the following cell:
------------------
db["motifs_km"].drop()
db["motifs_km_fts"].drop()
db["motifs_km"].create({
    "code": str,
    "sortfield": str,
    "1st ed.": str,
    "chapter": str,
    "division1": str,
    "division2": str,
    "division3": str,
    "section10s": str, 
    "MOTIF": str,
    "bibliographies": str,
    "motif_label": str,
    "chapter_label": str,
    "section10s_label": str,
    "division1_code": str, 
    "division1_label": str,
})
# Create a full text search table to improve search support
db["motifs_km"].enable_fts(["bibliographies", "motif_label", "sortfield"], create_triggers=True, tokenize="porter")

db["motifs_km"].insert_all(thompson_motif_df.to_dict(orient="records"))
#thompson_motif_df.to_sql("motifs_km", index=False, if_exists="replace", con=db.conn)
------------------

[0;31m---------------------------------------------------------------------------[0m
[0;31mOperationalError[0m                          Traceback (most recent call last)
[0;32m<ipython-input-8-2eef0d9695b4>[0m in [0;36m<module>[0;34m[0m
[0;32m----> 1[0;31m [0mdb[0m[0;34m[[0m[0;34m"motifs_km"[0m[0;34m][0m[0;34m.[0m[0mdrop[0m[0;34m([0m[0;34m)[0m[0;34m[0m[0;34m[0m[0m
[0m[1;32m      2[0m [0mdb[0m[0;34m[[0m[0;34m"motifs_km_fts"[0m[0;34m][0m[0;34m.[0m[0mdrop[0m[0;34m([0m[0;34m)[0m[0;34m[0m[0;34m[0m[0m
[1;32m      3[0m db["motifs_km"].create({
[1;32m      4[0m     [0;34m"code"[0m[0;34m:[0m [0mstr[0m[0;34m,[0m[0;34m[0m[0;34m[0m[0m
[1;32m      5[0m     [0;34m"sortfield"[0m[0;34m:[0m [0mstr[0m[0;34m,[0m[0;34m[0m[0;34m[0m[0m

[0;32m/usr/local/lib/python3.9/site-packages/sqlite_utils/db.py[0m in [0;36mdrop[0;34m(self, ignore)[0m
[1;32m   1710[0m         [0;34m"Drop this table. ``ignore=True`` means errors will be ignored."[0m[0;34m[0m[0;34m[0m[0m
[1;32m   1711[0m         [0;32mtry[0m[0;34m:[0m[0;34m[0m[0;34m[0m[0m
[0;32m-> 1712[0;31m             [0mself[0m[0;34m.[0m[0mdb[0m[0;34m.[0m[0mexecute[0m[0;34m([0m[0;34m"DROP TABLE [{}]"[0m[0;34m.[0m[0mformat[0m[0;34m([0m[0mself[0m[0;34m.[0m[0mname[0m[0;34m)[0m[0;34m)[0m[0;34m[0m[0;34m[0m[0m
[0m[1;32m   1713[0m         [0;32mexcept[0m [0msqlite3[0m[0;34m.[0m[0mOperationalError[0m[0;34m:[0m[0;34m[0m[0;34m[0m[0m
[1;32m   1714[0m             [0;32mif[0m [0;32mnot[0m [0mignore[0m[0;34m:[0m[0;34m[0m[0;34m[0m[0m

[0;32m/usr/local/lib/python3.9/site-packages/sqlite_utils/db.py[0m in [0;36mexecute[0;34m(self, sql, parameters)[0m
[1;32m    425[0m             [0;32mreturn[0m [0mself[0m[0;34m.[0m[0mconn[0m[0;34m.[0m[0mexecute[0m[0;34m([0m[0msql[0m[0;34m,[0m [0mparameters[0m[0;34m)[0m[0;34m[0m[0;34m[0m[0m
[1;32m    426[0m         [0;32melse[0m[0;34m:[0m[0;34m[0m[0;34m[0m[0m
[0;32m--> 427[0;31m             [0;32mreturn[0m [0mself[0m[0;34m.[0m[0mconn[0m[0;34m.[0m[0mexecute[0m[0;34m([0m[0msql[0m[0;34m)[0m[0;34m[0m[0;34m[0m[0m
[0m[1;32m    428[0m [0;34m[0m[0m
[1;32m    429[0m     [0;32mdef[0m [0mexecutescript[0m[0;34m([0m[0mself[0m[0;34m,[0m [0msql[0m[0;34m:[0m [0mstr[0m[0;34m)[0m [0;34m->[0m [0msqlite3[0m[0;34m.[0m[0mCursor[0m[0;34m:[0m[0;34m[0m[0;34m[0m[0m

[0;31mOperationalError[0m: no such table: motifs_km
OperationalError: no such table: motifs_km

